<?xml version="1.0" encoding="UTF-8"?>
<testsuite xmlns:xsi="http://www.w3.org/2001/XMLSchema-instance" xsi:noNamespaceSchemaLocation="https://maven.apache.org/surefire/maven-surefire-plugin/xsd/surefire-test-report.xsd" name="com.example.blog.TestBlog" time="6.877" tests="1" errors="0" skipped="0" failures="0">
  <properties>
    <property name="sun.desktop" value="windows"/>
    <property name="awt.toolkit" value="sun.awt.windows.WToolkit"/>
    <property name="file.encoding.pkg" value="sun.io"/>
    <property name="java.specification.version" value="1.8"/>
    <property name="sun.cpu.isalist" value="amd64"/>
    <property name="sun.jnu.encoding" value="GBK"/>
    <property name="java.class.path" value="E:\javaPro\source-code-20220207\boot-blog\blog-api\target\test-classes;E:\javaPro\source-code-20220207\boot-blog\blog-api\target\classes;E:\software\maven-repo\org\springframework\boot\spring-boot-starter\2.6.4\spring-boot-starter-2.6.4.jar;E:\software\maven-repo\org\springframework\boot\spring-boot\2.6.4\spring-boot-2.6.4.jar;E:\software\maven-repo\org\springframework\spring-context\5.3.16\spring-context-5.3.16.jar;E:\software\maven-repo\org\springframework\boot\spring-boot-autoconfigure\2.6.4\spring-boot-autoconfigure-2.6.4.jar;E:\software\maven-repo\jakarta\annotation\jakarta.annotation-api\1.3.5\jakarta.annotation-api-1.3.5.jar;E:\software\maven-repo\org\springframework\spring-core\5.3.16\spring-core-5.3.16.jar;E:\software\maven-repo\org\springframework\spring-jcl\5.3.16\spring-jcl-5.3.16.jar;E:\software\maven-repo\org\yaml\snakeyaml\1.29\snakeyaml-1.29.jar;E:\software\maven-repo\org\springframework\boot\spring-boot-starter-log4j2\2.6.4\spring-boot-starter-log4j2-2.6.4.jar;E:\software\maven-repo\org\apache\logging\log4j\log4j-slf4j-impl\2.17.1\log4j-slf4j-impl-2.17.1.jar;E:\software\maven-repo\org\slf4j\slf4j-api\1.7.36\slf4j-api-1.7.36.jar;E:\software\maven-repo\org\apache\logging\log4j\log4j-api\2.17.1\log4j-api-2.17.1.jar;E:\software\maven-repo\org\apache\logging\log4j\log4j-core\2.17.1\log4j-core-2.17.1.jar;E:\software\maven-repo\org\apache\logging\log4j\log4j-jul\2.17.1\log4j-jul-2.17.1.jar;E:\software\maven-repo\org\slf4j\jul-to-slf4j\1.7.36\jul-to-slf4j-1.7.36.jar;E:\software\maven-repo\org\springframework\boot\spring-boot-starter-aop\2.6.4\spring-boot-starter-aop-2.6.4.jar;E:\software\maven-repo\org\springframework\spring-aop\5.3.16\spring-aop-5.3.16.jar;E:\software\maven-repo\org\springframework\spring-beans\5.3.16\spring-beans-5.3.16.jar;E:\software\maven-repo\org\aspectj\aspectjweaver\1.9.7\aspectjweaver-1.9.7.jar;E:\software\maven-repo\org\springframework\boot\spring-boot-starter-mail\2.6.4\spring-boot-starter-mail-2.6.4.jar;E:\software\maven-repo\org\springframework\spring-context-support\5.3.16\spring-context-support-5.3.16.jar;E:\software\maven-repo\com\sun\mail\jakarta.mail\1.6.7\jakarta.mail-1.6.7.jar;E:\software\maven-repo\com\sun\activation\jakarta.activation\1.2.2\jakarta.activation-1.2.2.jar;E:\software\maven-repo\org\springframework\boot\spring-boot-starter-web\2.6.4\spring-boot-starter-web-2.6.4.jar;E:\software\maven-repo\org\springframework\boot\spring-boot-starter-json\2.6.4\spring-boot-starter-json-2.6.4.jar;E:\software\maven-repo\com\fasterxml\jackson\datatype\jackson-datatype-jdk8\2.13.1\jackson-datatype-jdk8-2.13.1.jar;E:\software\maven-repo\com\fasterxml\jackson\datatype\jackson-datatype-jsr310\2.13.1\jackson-datatype-jsr310-2.13.1.jar;E:\software\maven-repo\com\fasterxml\jackson\module\jackson-module-parameter-names\2.13.1\jackson-module-parameter-names-2.13.1.jar;E:\software\maven-repo\org\springframework\boot\spring-boot-starter-tomcat\2.6.4\spring-boot-starter-tomcat-2.6.4.jar;E:\software\maven-repo\org\apache\tomcat\embed\tomcat-embed-core\9.0.58\tomcat-embed-core-9.0.58.jar;E:\software\maven-repo\org\apache\tomcat\embed\tomcat-embed-el\9.0.58\tomcat-embed-el-9.0.58.jar;E:\software\maven-repo\org\apache\tomcat\embed\tomcat-embed-websocket\9.0.58\tomcat-embed-websocket-9.0.58.jar;E:\software\maven-repo\org\springframework\spring-web\5.3.16\spring-web-5.3.16.jar;E:\software\maven-repo\org\springframework\spring-webmvc\5.3.16\spring-webmvc-5.3.16.jar;E:\software\maven-repo\org\springframework\spring-expression\5.3.16\spring-expression-5.3.16.jar;E:\software\maven-repo\org\springframework\boot\spring-boot-starter-test\2.6.4\spring-boot-starter-test-2.6.4.jar;E:\software\maven-repo\org\springframework\boot\spring-boot-test\2.6.4\spring-boot-test-2.6.4.jar;E:\software\maven-repo\org\springframework\boot\spring-boot-test-autoconfigure\2.6.4\spring-boot-test-autoconfigure-2.6.4.jar;E:\software\maven-repo\com\jayway\jsonpath\json-path\2.6.0\json-path-2.6.0.jar;E:\software\maven-repo\net\minidev\json-smart\2.4.8\json-smart-2.4.8.jar;E:\software\maven-repo\net\minidev\accessors-smart\2.4.8\accessors-smart-2.4.8.jar;E:\software\maven-repo\org\ow2\asm\asm\9.1\asm-9.1.jar;E:\software\maven-repo\jakarta\xml\bind\jakarta.xml.bind-api\2.3.3\jakarta.xml.bind-api-2.3.3.jar;E:\software\maven-repo\jakarta\activation\jakarta.activation-api\1.2.2\jakarta.activation-api-1.2.2.jar;E:\software\maven-repo\org\assertj\assertj-core\3.21.0\assertj-core-3.21.0.jar;E:\software\maven-repo\org\hamcrest\hamcrest\2.2\hamcrest-2.2.jar;E:\software\maven-repo\org\junit\jupiter\junit-jupiter\5.8.2\junit-jupiter-5.8.2.jar;E:\software\maven-repo\org\junit\jupiter\junit-jupiter-api\5.8.2\junit-jupiter-api-5.8.2.jar;E:\software\maven-repo\org\opentest4j\opentest4j\1.2.0\opentest4j-1.2.0.jar;E:\software\maven-repo\org\junit\platform\junit-platform-commons\1.8.2\junit-platform-commons-1.8.2.jar;E:\software\maven-repo\org\apiguardian\apiguardian-api\1.1.2\apiguardian-api-1.1.2.jar;E:\software\maven-repo\org\junit\jupiter\junit-jupiter-params\5.8.2\junit-jupiter-params-5.8.2.jar;E:\software\maven-repo\org\junit\jupiter\junit-jupiter-engine\5.8.2\junit-jupiter-engine-5.8.2.jar;E:\software\maven-repo\org\junit\platform\junit-platform-engine\1.8.2\junit-platform-engine-1.8.2.jar;E:\software\maven-repo\org\mockito\mockito-core\4.0.0\mockito-core-4.0.0.jar;E:\software\maven-repo\net\bytebuddy\byte-buddy\1.11.22\byte-buddy-1.11.22.jar;E:\software\maven-repo\net\bytebuddy\byte-buddy-agent\1.11.22\byte-buddy-agent-1.11.22.jar;E:\software\maven-repo\org\objenesis\objenesis\3.2\objenesis-3.2.jar;E:\software\maven-repo\org\mockito\mockito-junit-jupiter\4.0.0\mockito-junit-jupiter-4.0.0.jar;E:\software\maven-repo\org\skyscreamer\jsonassert\1.5.0\jsonassert-1.5.0.jar;E:\software\maven-repo\com\vaadin\external\google\android-json\0.0.20131108.vaadin1\android-json-0.0.20131108.vaadin1.jar;E:\software\maven-repo\org\springframework\spring-test\5.3.16\spring-test-5.3.16.jar;E:\software\maven-repo\org\xmlunit\xmlunit-core\2.8.4\xmlunit-core-2.8.4.jar;E:\software\maven-repo\org\springframework\boot\spring-boot-starter-data-redis\2.6.4\spring-boot-starter-data-redis-2.6.4.jar;E:\software\maven-repo\org\springframework\data\spring-data-redis\2.6.2\spring-data-redis-2.6.2.jar;E:\software\maven-repo\org\springframework\data\spring-data-keyvalue\2.6.2\spring-data-keyvalue-2.6.2.jar;E:\software\maven-repo\org\springframework\data\spring-data-commons\2.6.2\spring-data-commons-2.6.2.jar;E:\software\maven-repo\org\springframework\spring-tx\5.3.16\spring-tx-5.3.16.jar;E:\software\maven-repo\org\springframework\spring-oxm\5.3.16\spring-oxm-5.3.16.jar;E:\software\maven-repo\io\lettuce\lettuce-core\6.1.6.RELEASE\lettuce-core-6.1.6.RELEASE.jar;E:\software\maven-repo\io\netty\netty-common\4.1.74.Final\netty-common-4.1.74.Final.jar;E:\software\maven-repo\io\netty\netty-handler\4.1.74.Final\netty-handler-4.1.74.Final.jar;E:\software\maven-repo\io\netty\netty-resolver\4.1.74.Final\netty-resolver-4.1.74.Final.jar;E:\software\maven-repo\io\netty\netty-buffer\4.1.74.Final\netty-buffer-4.1.74.Final.jar;E:\software\maven-repo\io\netty\netty-codec\4.1.74.Final\netty-codec-4.1.74.Final.jar;E:\software\maven-repo\io\netty\netty-tcnative-classes\2.0.48.Final\netty-tcnative-classes-2.0.48.Final.jar;E:\software\maven-repo\io\netty\netty-transport\4.1.74.Final\netty-transport-4.1.74.Final.jar;E:\software\maven-repo\io\projectreactor\reactor-core\3.4.15\reactor-core-3.4.15.jar;E:\software\maven-repo\org\reactivestreams\reactive-streams\1.0.3\reactive-streams-1.0.3.jar;E:\software\maven-repo\com\alibaba\fastjson\1.2.76\fastjson-1.2.76.jar;E:\software\maven-repo\mysql\mysql-connector-java\8.0.28\mysql-connector-java-8.0.28.jar;E:\software\maven-repo\org\springframework\boot\spring-boot-configuration-processor\2.6.4\spring-boot-configuration-processor-2.6.4.jar;E:\software\maven-repo\org\apache\commons\commons-lang3\3.12.0\commons-lang3-3.12.0.jar;E:\software\maven-repo\commons-collections\commons-collections\3.2.2\commons-collections-3.2.2.jar;E:\software\maven-repo\com\baomidou\mybatis-plus-boot-starter\3.4.3\mybatis-plus-boot-starter-3.4.3.jar;E:\software\maven-repo\com\baomidou\mybatis-plus\3.4.3\mybatis-plus-3.4.3.jar;E:\software\maven-repo\com\baomidou\mybatis-plus-extension\3.4.3\mybatis-plus-extension-3.4.3.jar;E:\software\maven-repo\com\baomidou\mybatis-plus-core\3.4.3\mybatis-plus-core-3.4.3.jar;E:\software\maven-repo\com\baomidou\mybatis-plus-annotation\3.4.3\mybatis-plus-annotation-3.4.3.jar;E:\software\maven-repo\com\github\jsqlparser\jsqlparser\4.0\jsqlparser-4.0.jar;E:\software\maven-repo\org\mybatis\mybatis\3.5.7\mybatis-3.5.7.jar;E:\software\maven-repo\org\mybatis\mybatis-spring\2.0.6\mybatis-spring-2.0.6.jar;E:\software\maven-repo\org\springframework\boot\spring-boot-starter-jdbc\2.6.4\spring-boot-starter-jdbc-2.6.4.jar;E:\software\maven-repo\com\zaxxer\HikariCP\4.0.3\HikariCP-4.0.3.jar;E:\software\maven-repo\org\springframework\spring-jdbc\5.3.16\spring-jdbc-5.3.16.jar;E:\software\maven-repo\org\projectlombok\lombok\1.18.22\lombok-1.18.22.jar;E:\software\maven-repo\joda-time\joda-time\2.10.10\joda-time-2.10.10.jar;E:\software\maven-repo\io\jsonwebtoken\jjwt\0.9.1\jjwt-0.9.1.jar;E:\software\maven-repo\com\fasterxml\jackson\core\jackson-databind\2.13.1\jackson-databind-2.13.1.jar;E:\software\maven-repo\com\fasterxml\jackson\core\jackson-annotations\2.13.1\jackson-annotations-2.13.1.jar;E:\software\maven-repo\com\fasterxml\jackson\core\jackson-core\2.13.1\jackson-core-2.13.1.jar;E:\software\maven-repo\commons-codec\commons-codec\1.15\commons-codec-1.15.jar;E:\software\maven-repo\com\qiniu\qiniu-java-sdk\7.7.0\qiniu-java-sdk-7.7.0.jar;E:\software\maven-repo\com\squareup\okhttp3\okhttp\3.14.9\okhttp-3.14.9.jar;E:\software\maven-repo\com\squareup\okio\okio\1.17.2\okio-1.17.2.jar;E:\software\maven-repo\com\google\code\gson\gson\2.8.9\gson-2.8.9.jar;"/>
    <property name="java.vm.vendor" value="Oracle Corporation"/>
    <property name="sun.arch.data.model" value="64"/>
    <property name="user.variant" value=""/>
    <property name="java.vendor.url" value="http://java.oracle.com/"/>
    <property name="user.timezone" value="Asia/Shanghai"/>
    <property name="java.vm.specification.version" value="1.8"/>
    <property name="os.name" value="Windows 10"/>
    <property name="user.country" value="CN"/>
    <property name="sun.java.launcher" value="SUN_STANDARD"/>
    <property name="sun.boot.library.path" value="E:\Java\jre\bin"/>
    <property name="sun.java.command" value="C:\Users\86199\AppData\Local\Temp\surefire7800712747309770851\surefirebooter1194366722380772800.jar C:\Users\86199\AppData\Local\Temp\surefire7800712747309770851 2022-04-23T21-52-05_933-jvmRun1 surefire2397501086871939653tmp surefire_03261455745760101882tmp"/>
    <property name="surefire.test.class.path" value="E:\javaPro\source-code-20220207\boot-blog\blog-api\target\test-classes;E:\javaPro\source-code-20220207\boot-blog\blog-api\target\classes;E:\software\maven-repo\org\springframework\boot\spring-boot-starter\2.6.4\spring-boot-starter-2.6.4.jar;E:\software\maven-repo\org\springframework\boot\spring-boot\2.6.4\spring-boot-2.6.4.jar;E:\software\maven-repo\org\springframework\spring-context\5.3.16\spring-context-5.3.16.jar;E:\software\maven-repo\org\springframework\boot\spring-boot-autoconfigure\2.6.4\spring-boot-autoconfigure-2.6.4.jar;E:\software\maven-repo\jakarta\annotation\jakarta.annotation-api\1.3.5\jakarta.annotation-api-1.3.5.jar;E:\software\maven-repo\org\springframework\spring-core\5.3.16\spring-core-5.3.16.jar;E:\software\maven-repo\org\springframework\spring-jcl\5.3.16\spring-jcl-5.3.16.jar;E:\software\maven-repo\org\yaml\snakeyaml\1.29\snakeyaml-1.29.jar;E:\software\maven-repo\org\springframework\boot\spring-boot-starter-log4j2\2.6.4\spring-boot-starter-log4j2-2.6.4.jar;E:\software\maven-repo\org\apache\logging\log4j\log4j-slf4j-impl\2.17.1\log4j-slf4j-impl-2.17.1.jar;E:\software\maven-repo\org\slf4j\slf4j-api\1.7.36\slf4j-api-1.7.36.jar;E:\software\maven-repo\org\apache\logging\log4j\log4j-api\2.17.1\log4j-api-2.17.1.jar;E:\software\maven-repo\org\apache\logging\log4j\log4j-core\2.17.1\log4j-core-2.17.1.jar;E:\software\maven-repo\org\apache\logging\log4j\log4j-jul\2.17.1\log4j-jul-2.17.1.jar;E:\software\maven-repo\org\slf4j\jul-to-slf4j\1.7.36\jul-to-slf4j-1.7.36.jar;E:\software\maven-repo\org\springframework\boot\spring-boot-starter-aop\2.6.4\spring-boot-starter-aop-2.6.4.jar;E:\software\maven-repo\org\springframework\spring-aop\5.3.16\spring-aop-5.3.16.jar;E:\software\maven-repo\org\springframework\spring-beans\5.3.16\spring-beans-5.3.16.jar;E:\software\maven-repo\org\aspectj\aspectjweaver\1.9.7\aspectjweaver-1.9.7.jar;E:\software\maven-repo\org\springframework\boot\spring-boot-starter-mail\2.6.4\spring-boot-starter-mail-2.6.4.jar;E:\software\maven-repo\org\springframework\spring-context-support\5.3.16\spring-context-support-5.3.16.jar;E:\software\maven-repo\com\sun\mail\jakarta.mail\1.6.7\jakarta.mail-1.6.7.jar;E:\software\maven-repo\com\sun\activation\jakarta.activation\1.2.2\jakarta.activation-1.2.2.jar;E:\software\maven-repo\org\springframework\boot\spring-boot-starter-web\2.6.4\spring-boot-starter-web-2.6.4.jar;E:\software\maven-repo\org\springframework\boot\spring-boot-starter-json\2.6.4\spring-boot-starter-json-2.6.4.jar;E:\software\maven-repo\com\fasterxml\jackson\datatype\jackson-datatype-jdk8\2.13.1\jackson-datatype-jdk8-2.13.1.jar;E:\software\maven-repo\com\fasterxml\jackson\datatype\jackson-datatype-jsr310\2.13.1\jackson-datatype-jsr310-2.13.1.jar;E:\software\maven-repo\com\fasterxml\jackson\module\jackson-module-parameter-names\2.13.1\jackson-module-parameter-names-2.13.1.jar;E:\software\maven-repo\org\springframework\boot\spring-boot-starter-tomcat\2.6.4\spring-boot-starter-tomcat-2.6.4.jar;E:\software\maven-repo\org\apache\tomcat\embed\tomcat-embed-core\9.0.58\tomcat-embed-core-9.0.58.jar;E:\software\maven-repo\org\apache\tomcat\embed\tomcat-embed-el\9.0.58\tomcat-embed-el-9.0.58.jar;E:\software\maven-repo\org\apache\tomcat\embed\tomcat-embed-websocket\9.0.58\tomcat-embed-websocket-9.0.58.jar;E:\software\maven-repo\org\springframework\spring-web\5.3.16\spring-web-5.3.16.jar;E:\software\maven-repo\org\springframework\spring-webmvc\5.3.16\spring-webmvc-5.3.16.jar;E:\software\maven-repo\org\springframework\spring-expression\5.3.16\spring-expression-5.3.16.jar;E:\software\maven-repo\org\springframework\boot\spring-boot-starter-test\2.6.4\spring-boot-starter-test-2.6.4.jar;E:\software\maven-repo\org\springframework\boot\spring-boot-test\2.6.4\spring-boot-test-2.6.4.jar;E:\software\maven-repo\org\springframework\boot\spring-boot-test-autoconfigure\2.6.4\spring-boot-test-autoconfigure-2.6.4.jar;E:\software\maven-repo\com\jayway\jsonpath\json-path\2.6.0\json-path-2.6.0.jar;E:\software\maven-repo\net\minidev\json-smart\2.4.8\json-smart-2.4.8.jar;E:\software\maven-repo\net\minidev\accessors-smart\2.4.8\accessors-smart-2.4.8.jar;E:\software\maven-repo\org\ow2\asm\asm\9.1\asm-9.1.jar;E:\software\maven-repo\jakarta\xml\bind\jakarta.xml.bind-api\2.3.3\jakarta.xml.bind-api-2.3.3.jar;E:\software\maven-repo\jakarta\activation\jakarta.activation-api\1.2.2\jakarta.activation-api-1.2.2.jar;E:\software\maven-repo\org\assertj\assertj-core\3.21.0\assertj-core-3.21.0.jar;E:\software\maven-repo\org\hamcrest\hamcrest\2.2\hamcrest-2.2.jar;E:\software\maven-repo\org\junit\jupiter\junit-jupiter\5.8.2\junit-jupiter-5.8.2.jar;E:\software\maven-repo\org\junit\jupiter\junit-jupiter-api\5.8.2\junit-jupiter-api-5.8.2.jar;E:\software\maven-repo\org\opentest4j\opentest4j\1.2.0\opentest4j-1.2.0.jar;E:\software\maven-repo\org\junit\platform\junit-platform-commons\1.8.2\junit-platform-commons-1.8.2.jar;E:\software\maven-repo\org\apiguardian\apiguardian-api\1.1.2\apiguardian-api-1.1.2.jar;E:\software\maven-repo\org\junit\jupiter\junit-jupiter-params\5.8.2\junit-jupiter-params-5.8.2.jar;E:\software\maven-repo\org\junit\jupiter\junit-jupiter-engine\5.8.2\junit-jupiter-engine-5.8.2.jar;E:\software\maven-repo\org\junit\platform\junit-platform-engine\1.8.2\junit-platform-engine-1.8.2.jar;E:\software\maven-repo\org\mockito\mockito-core\4.0.0\mockito-core-4.0.0.jar;E:\software\maven-repo\net\bytebuddy\byte-buddy\1.11.22\byte-buddy-1.11.22.jar;E:\software\maven-repo\net\bytebuddy\byte-buddy-agent\1.11.22\byte-buddy-agent-1.11.22.jar;E:\software\maven-repo\org\objenesis\objenesis\3.2\objenesis-3.2.jar;E:\software\maven-repo\org\mockito\mockito-junit-jupiter\4.0.0\mockito-junit-jupiter-4.0.0.jar;E:\software\maven-repo\org\skyscreamer\jsonassert\1.5.0\jsonassert-1.5.0.jar;E:\software\maven-repo\com\vaadin\external\google\android-json\0.0.20131108.vaadin1\android-json-0.0.20131108.vaadin1.jar;E:\software\maven-repo\org\springframework\spring-test\5.3.16\spring-test-5.3.16.jar;E:\software\maven-repo\org\xmlunit\xmlunit-core\2.8.4\xmlunit-core-2.8.4.jar;E:\software\maven-repo\org\springframework\boot\spring-boot-starter-data-redis\2.6.4\spring-boot-starter-data-redis-2.6.4.jar;E:\software\maven-repo\org\springframework\data\spring-data-redis\2.6.2\spring-data-redis-2.6.2.jar;E:\software\maven-repo\org\springframework\data\spring-data-keyvalue\2.6.2\spring-data-keyvalue-2.6.2.jar;E:\software\maven-repo\org\springframework\data\spring-data-commons\2.6.2\spring-data-commons-2.6.2.jar;E:\software\maven-repo\org\springframework\spring-tx\5.3.16\spring-tx-5.3.16.jar;E:\software\maven-repo\org\springframework\spring-oxm\5.3.16\spring-oxm-5.3.16.jar;E:\software\maven-repo\io\lettuce\lettuce-core\6.1.6.RELEASE\lettuce-core-6.1.6.RELEASE.jar;E:\software\maven-repo\io\netty\netty-common\4.1.74.Final\netty-common-4.1.74.Final.jar;E:\software\maven-repo\io\netty\netty-handler\4.1.74.Final\netty-handler-4.1.74.Final.jar;E:\software\maven-repo\io\netty\netty-resolver\4.1.74.Final\netty-resolver-4.1.74.Final.jar;E:\software\maven-repo\io\netty\netty-buffer\4.1.74.Final\netty-buffer-4.1.74.Final.jar;E:\software\maven-repo\io\netty\netty-codec\4.1.74.Final\netty-codec-4.1.74.Final.jar;E:\software\maven-repo\io\netty\netty-tcnative-classes\2.0.48.Final\netty-tcnative-classes-2.0.48.Final.jar;E:\software\maven-repo\io\netty\netty-transport\4.1.74.Final\netty-transport-4.1.74.Final.jar;E:\software\maven-repo\io\projectreactor\reactor-core\3.4.15\reactor-core-3.4.15.jar;E:\software\maven-repo\org\reactivestreams\reactive-streams\1.0.3\reactive-streams-1.0.3.jar;E:\software\maven-repo\com\alibaba\fastjson\1.2.76\fastjson-1.2.76.jar;E:\software\maven-repo\mysql\mysql-connector-java\8.0.28\mysql-connector-java-8.0.28.jar;E:\software\maven-repo\org\springframework\boot\spring-boot-configuration-processor\2.6.4\spring-boot-configuration-processor-2.6.4.jar;E:\software\maven-repo\org\apache\commons\commons-lang3\3.12.0\commons-lang3-3.12.0.jar;E:\software\maven-repo\commons-collections\commons-collections\3.2.2\commons-collections-3.2.2.jar;E:\software\maven-repo\com\baomidou\mybatis-plus-boot-starter\3.4.3\mybatis-plus-boot-starter-3.4.3.jar;E:\software\maven-repo\com\baomidou\mybatis-plus\3.4.3\mybatis-plus-3.4.3.jar;E:\software\maven-repo\com\baomidou\mybatis-plus-extension\3.4.3\mybatis-plus-extension-3.4.3.jar;E:\software\maven-repo\com\baomidou\mybatis-plus-core\3.4.3\mybatis-plus-core-3.4.3.jar;E:\software\maven-repo\com\baomidou\mybatis-plus-annotation\3.4.3\mybatis-plus-annotation-3.4.3.jar;E:\software\maven-repo\com\github\jsqlparser\jsqlparser\4.0\jsqlparser-4.0.jar;E:\software\maven-repo\org\mybatis\mybatis\3.5.7\mybatis-3.5.7.jar;E:\software\maven-repo\org\mybatis\mybatis-spring\2.0.6\mybatis-spring-2.0.6.jar;E:\software\maven-repo\org\springframework\boot\spring-boot-starter-jdbc\2.6.4\spring-boot-starter-jdbc-2.6.4.jar;E:\software\maven-repo\com\zaxxer\HikariCP\4.0.3\HikariCP-4.0.3.jar;E:\software\maven-repo\org\springframework\spring-jdbc\5.3.16\spring-jdbc-5.3.16.jar;E:\software\maven-repo\org\projectlombok\lombok\1.18.22\lombok-1.18.22.jar;E:\software\maven-repo\joda-time\joda-time\2.10.10\joda-time-2.10.10.jar;E:\software\maven-repo\io\jsonwebtoken\jjwt\0.9.1\jjwt-0.9.1.jar;E:\software\maven-repo\com\fasterxml\jackson\core\jackson-databind\2.13.1\jackson-databind-2.13.1.jar;E:\software\maven-repo\com\fasterxml\jackson\core\jackson-annotations\2.13.1\jackson-annotations-2.13.1.jar;E:\software\maven-repo\com\fasterxml\jackson\core\jackson-core\2.13.1\jackson-core-2.13.1.jar;E:\software\maven-repo\commons-codec\commons-codec\1.15\commons-codec-1.15.jar;E:\software\maven-repo\com\qiniu\qiniu-java-sdk\7.7.0\qiniu-java-sdk-7.7.0.jar;E:\software\maven-repo\com\squareup\okhttp3\okhttp\3.14.9\okhttp-3.14.9.jar;E:\software\maven-repo\com\squareup\okio\okio\1.17.2\okio-1.17.2.jar;E:\software\maven-repo\com\google\code\gson\gson\2.8.9\gson-2.8.9.jar;"/>
    <property name="sun.cpu.endian" value="little"/>
    <property name="user.home" value="C:\Users\86199"/>
    <property name="user.language" value="zh"/>
    <property name="java.specification.vendor" value="Oracle Corporation"/>
    <property name="java.home" value="E:\Java\jre"/>
    <property name="basedir" value="E:\javaPro\source-code-20220207\boot-blog\blog-api"/>
    <property name="file.separator" value="\"/>
    <property name="line.separator" value="&#10;"/>
    <property name="java.vm.specification.vendor" value="Oracle Corporation"/>
    <property name="java.specification.name" value="Java Platform API Specification"/>
    <property name="java.awt.graphicsenv" value="sun.awt.Win32GraphicsEnvironment"/>
    <property name="surefire.real.class.path" value="C:\Users\86199\AppData\Local\Temp\surefire7800712747309770851\surefirebooter1194366722380772800.jar"/>
    <property name="sun.boot.class.path" value="E:\Java\jre\lib\resources.jar;E:\Java\jre\lib\rt.jar;E:\Java\jre\lib\sunrsasign.jar;E:\Java\jre\lib\jsse.jar;E:\Java\jre\lib\jce.jar;E:\Java\jre\lib\charsets.jar;E:\Java\jre\lib\jfr.jar;E:\Java\jre\classes"/>
    <property name="user.script" value=""/>
    <property name="sun.management.compiler" value="HotSpot 64-Bit Tiered Compilers"/>
    <property name="java.runtime.version" value="1.8.0_281-b09"/>
    <property name="user.name" value="86199"/>
    <property name="path.separator" value=";"/>
    <property name="os.version" value="10.0"/>
    <property name="java.endorsed.dirs" value="E:\Java\jre\lib\endorsed"/>
    <property name="java.runtime.name" value="Java(TM) SE Runtime Environment"/>
    <property name="file.encoding" value="GBK"/>
    <property name="java.vm.name" value="Java HotSpot(TM) 64-Bit Server VM"/>
    <property name="localRepository" value="E:\software\maven-repo"/>
    <property name="java.vendor.url.bug" value="http://bugreport.sun.com/bugreport/"/>
    <property name="java.io.tmpdir" value="C:\Users\86199\AppData\Local\Temp\"/>
    <property name="idea.version" value="2021.1"/>
    <property name="java.version" value="1.8.0_281"/>
    <property name="user.dir" value="E:\javaPro\source-code-20220207\boot-blog\blog-api"/>
    <property name="os.arch" value="amd64"/>
    <property name="java.vm.specification.name" value="Java Virtual Machine Specification"/>
    <property name="java.awt.printerjob" value="sun.awt.windows.WPrinterJob"/>
    <property name="sun.os.patch.level" value=""/>
    <property name="java.library.path" value="E:\Java\jre\bin;C:\WINDOWS\Sun\Java\bin;C:\WINDOWS\system32;C:\WINDOWS;C:\Program Files\Microsoft MPI\Bin\;D:\python3.9\Scripts;E:\jdk11\bin;C:\Windows\system32;C:\Windows;C:\Windows\System32\Wbem;C:\Windows\System32\WindowsPowerShell\v1.0\;C:\Windows\System32\OpenSSH\;C:\Program Files (x86)\NVIDIA Corporation\PhysX\Common;C:\Program Files\NVIDIA Corporation\NVIDIA NvDLISR;Code\Microsoft VS Code\bin;D:\python3.9;C:\WINDOWS\system32;C:\WINDOWS;C:\WINDOWS\System32\Wbem;C:\WINDOWS\System32\WindowsPowerShell\v1.0\;C:\WINDOWS\System32\OpenSSH\;E:\mysql-8.0.25-winx64\bin;D:\ffmp\ffmpeg-4.4-full_build\bin;E:\GoLang\bin;F:\sqlServer\BOL (x86)\90\Tools\binn\;C:\Program Files\Microsoft VS Code\bin;E:\software\mysql-5.7.37-winx64\bin;E:\software\SVN\bin;C:\Program Files\dotnet\;E:\software\apache-maven-3.6.1\BIN;D:\software\spss24\JRE\bin;D:\java\IntelliJ IDEA 2021.1\bin;;D:\eee\Scripts\;D:\eee\;C:\Users\86199\AppData\Local\Microsoft\WindowsApps;E:\pycharm\PyCharm 2020.1\bin;;D:\python3.9;D:\python3.9\Scriptss;D:\chromweb;D:\ffmp\ffmpeg-4.4-full_build\bin;C:\Users\86199\go\bin;E:\GoLang\bin;E:\apache-tomcat-8.5.72\bin;E:\jdk11\bin;E:\software\apache-maven-3.6.1\BIN;E:\mysql-8.0.25-winx64\bin;E:\software\node16;E:\software\node16\node_global;;."/>
    <property name="java.vm.info" value="mixed mode"/>
    <property name="java.vendor" value="Oracle Corporation"/>
    <property name="java.vm.version" value="25.281-b09"/>
    <property name="java.ext.dirs" value="E:\Java\jre\lib\ext;C:\WINDOWS\Sun\Java\lib\ext"/>
    <property name="sun.io.unicode.encoding" value="UnicodeLittle"/>
    <property name="java.class.version" value="52.0"/>
  </properties>
  <testcase name="test1" classname="com.example.blog.TestBlog" time="1.27"/>
</testsuite>